Arguments: 
  /Users/Tom/.nvm/versions/node/v12.18.1/bin/node /Users/Tom/.nvm/versions/node/v12.18.1/bin/yarn add @babel/core @babel/preset-env @babel/preset-react babel-loader clean-webpack-plugin css-loader file-loader html-loader html-wepack-plugin sass sass-loader style-loader url-loader webpack webpack-cli webpack-dev-server --dev

PATH: 
  /usr/local/opt/php@7.3/sbin:/usr/local/opt/php@7.3/bin:/usr/local/opt/php@7.3/sbin:/usr/local/opt/php@7.3/bin:/Users/Tom/.nvm/versions/node/v12.18.1/bin:/usr/local/bin:/usr/bin:/bin:/usr/sbin:/sbin

Yarn version: 
  1.22.4

Node version: 
  12.18.1

Platform: 
  darwin x64

Trace: 
  Error: https://registry.yarnpkg.com/html-wepack-plugin: Not found
      at Request.params.callback [as _callback] (/Users/Tom/.nvm/versions/node/v12.18.1/lib/node_modules/yarn/lib/cli.js:66987:18)
      at Request.self.callback (/Users/Tom/.nvm/versions/node/v12.18.1/lib/node_modules/yarn/lib/cli.js:140748:22)
      at Request.emit (events.js:315:20)
      at Request.<anonymous> (/Users/Tom/.nvm/versions/node/v12.18.1/lib/node_modules/yarn/lib/cli.js:141720:10)
      at Request.emit (events.js:315:20)
      at IncomingMessage.<anonymous> (/Users/Tom/.nvm/versions/node/v12.18.1/lib/node_modules/yarn/lib/cli.js:141642:12)
      at Object.onceWrapper (events.js:421:28)
      at IncomingMessage.emit (events.js:327:22)
      at endReadableNT (_stream_readable.js:1221:12)
      at processTicksAndRejections (internal/process/task_queues.js:84:21)

npm manifest: 
  No manifest

yarn manifest: 
  No manifest

Lockfile: 
  No lockfile
